TN:
SF:app.js
FN:14,(anonymous_0)
FNF:1
FNH:1
FNDA:9,(anonymous_0)
DA:2,1
DA:3,1
DA:5,1
DA:7,1
DA:11,1
DA:12,1
DA:14,1
DA:15,9
DA:16,9
DA:17,9
DA:18,9
DA:19,9
DA:22,1
DA:26,1
LF:14
LH:14
BRF:0
BRH:0
end_of_record
TN:
SF:index.js
FN:11,(anonymous_0)
FN:17,(anonymous_1)
FNF:2
FNH:2
FNDA:1,(anonymous_0)
FNDA:1,(anonymous_1)
DA:2,1
DA:3,1
DA:4,1
DA:7,1
DA:9,1
DA:11,1
DA:13,1
DA:14,0
DA:16,1
DA:17,1
DA:18,1
LF:11
LH:10
BRDA:7,0,0,1
BRDA:7,0,1,1
BRDA:13,1,0,0
BRDA:13,1,1,1
BRF:4
BRH:3
end_of_record
TN:
SF:configuration\config.js
FNF:0
FNH:0
DA:2,1
DA:6,1
DA:7,1
DA:8,1
DA:12,1
DA:13,1
DA:16,1
DA:17,1
DA:18,1
DA:19,1
LF:10
LH:10
BRDA:7,0,0,1
BRDA:7,0,1,1
BRF:2
BRH:2
end_of_record
TN:
SF:controllers\accounts.js
FN:6,AddAccount
FN:12,(anonymous_1)
FNF:2
FNH:2
FNDA:2,AddAccount
FNDA:1,(anonymous_1)
DA:3,1
DA:8,2
DA:10,1
DA:11,1
DA:12,1
DA:13,1
DA:14,0
DA:16,1
DA:17,0
DA:20,1
DA:26,1
DA:27,1
DA:28,1
DA:29,1
DA:34,1
LF:15
LH:13
BRDA:8,0,0,1
BRDA:8,0,1,1
BRDA:13,1,0,0
BRDA:13,1,1,1
BRDA:16,2,0,0
BRDA:16,2,1,1
BRF:6
BRH:4
end_of_record
TN:
SF:controllers\orders.js
FN:10,AddOrders
FN:21,(anonymous_1)
FN:26,(anonymous_2)
FN:31,(anonymous_3)
FN:37,(anonymous_4)
FN:63,getAccountData
FN:68,(anonymous_6)
FN:84,validateOperation
FN:92,(anonymous_8)
FN:105,(anonymous_9)
FN:133,(anonymous_10)
FN:161,(anonymous_11)
FN:170,(anonymous_12)
FN:200,updateAllOrders
FN:202,(anonymous_14)
FN:214,getAccount
FN:216,(anonymous_16)
FNF:17
FNH:17
FNDA:6,AddOrders
FNDA:6,(anonymous_1)
FNDA:6,(anonymous_2)
FNDA:6,(anonymous_3)
FNDA:9,(anonymous_4)
FNDA:13,getAccountData
FNDA:13,(anonymous_6)
FNDA:6,validateOperation
FNDA:2,(anonymous_8)
FNDA:2,(anonymous_9)
FNDA:2,(anonymous_10)
FNDA:1,(anonymous_11)
FNDA:1,(anonymous_12)
FNDA:1,updateAllOrders
FNDA:1,(anonymous_14)
FNDA:6,getAccount
FNDA:6,(anonymous_16)
DA:3,1
DA:4,1
DA:5,1
DA:6,1
DA:12,6
DA:13,6
DA:14,6
DA:15,6
DA:16,6
DA:17,6
DA:21,6
DA:22,6
DA:23,0
DA:26,6
DA:27,6
DA:28,0
DA:31,6
DA:32,6
DA:33,0
DA:37,9
DA:43,6
DA:44,6
DA:45,6
DA:47,6
DA:48,3
DA:51,6
DA:52,6
DA:54,6
DA:65,13
DA:69,13
DA:70,0
DA:73,13
DA:74,0
DA:77,13
DA:86,6
DA:88,3
DA:89,3
DA:90,2
DA:92,2
DA:93,2
DA:95,0
DA:99,2
DA:100,0
DA:104,2
DA:105,2
DA:106,2
DA:108,0
DA:112,2
DA:113,0
DA:116,2
DA:125,1
DA:128,3
DA:131,2
DA:134,2
DA:135,0
DA:138,2
DA:141,2
DA:142,2
DA:143,2
DA:144,2
DA:146,2
DA:147,2
DA:148,1
DA:149,1
DA:150,1
DA:153,1
DA:157,2
DA:159,1
DA:161,1
DA:162,1
DA:164,0
DA:169,1
DA:170,1
DA:171,1
DA:172,0
DA:176,1
DA:177,0
DA:180,1
DA:188,1
DA:196,1
DA:201,1
DA:202,1
DA:203,1
DA:206,1
DA:209,0
DA:216,6
DA:217,6
DA:219,0
DA:222,6
DA:223,0
DA:227,6
DA:234,1
LF:92
LH:76
BRDA:22,0,0,0
BRDA:22,0,1,6
BRDA:27,1,0,0
BRDA:27,1,1,6
BRDA:32,2,0,0
BRDA:32,2,1,6
BRDA:47,3,0,3
BRDA:47,3,1,3
BRDA:69,4,0,0
BRDA:69,4,1,13
BRDA:73,5,0,0
BRDA:73,5,1,13
BRDA:86,6,0,3
BRDA:86,6,1,3
BRDA:89,7,0,2
BRDA:89,7,1,1
BRDA:93,8,0,0
BRDA:93,8,1,2
BRDA:99,9,0,0
BRDA:99,9,1,2
BRDA:106,10,0,0
BRDA:106,10,1,2
BRDA:112,11,0,0
BRDA:112,11,1,2
BRDA:128,12,0,2
BRDA:128,12,1,1
BRDA:134,13,0,0
BRDA:134,13,1,2
BRDA:138,14,0,0
BRDA:138,14,1,2
BRDA:147,15,0,1
BRDA:147,15,1,1
BRDA:157,16,0,1
BRDA:157,16,1,1
BRDA:162,17,0,0
BRDA:162,17,1,1
BRDA:171,18,0,0
BRDA:171,18,1,1
BRDA:176,19,0,0
BRDA:176,19,1,1
BRDA:217,20,0,0
BRDA:217,20,1,6
BRDA:222,21,0,0
BRDA:222,21,1,6
BRF:44
BRH:28
end_of_record
TN:
SF:middlewares\authenticated.js
FN:8,(anonymous_0)
FNF:1
FNH:1
FNDA:9,(anonymous_0)
DA:2,1
DA:3,1
DA:4,1
DA:5,1
DA:8,1
DA:10,9
DA:12,0
DA:13,0
DA:16,0
DA:18,0
DA:19,0
DA:21,0
DA:22,0
DA:26,0
DA:29,0
DA:34,9
LF:16
LH:7
BRDA:10,0,0,0
BRDA:10,0,1,9
BRDA:12,1,0,0
BRDA:12,1,1,0
BRDA:21,2,0,0
BRDA:21,2,1,0
BRF:6
BRH:1
end_of_record
TN:
SF:middlewares\closedmarket.js
FN:8,(anonymous_0)
FN:33,(anonymous_1)
FN:39,(anonymous_2)
FNF:3
FNH:1
FNDA:9,(anonymous_0)
FNDA:0,(anonymous_1)
FNDA:0,(anonymous_2)
DA:2,1
DA:3,1
DA:4,1
DA:8,1
DA:10,9
DA:12,9
DA:14,2
DA:15,2
DA:16,2
DA:20,7
DA:25,9
DA:27,9
DA:31,0
DA:33,0
DA:34,0
DA:35,0
DA:39,0
DA:45,0
DA:46,0
DA:47,0
DA:48,0
DA:50,0
DA:51,0
DA:53,0
DA:58,0
DA:59,0
DA:60,0
DA:61,0
LF:28
LH:12
BRDA:12,0,0,2
BRDA:12,0,1,7
BRDA:25,1,0,9
BRDA:25,1,1,0
BRDA:25,2,0,9
BRDA:25,2,1,9
BRDA:31,3,0,0
BRDA:31,3,1,0
BRDA:34,4,0,0
BRDA:34,4,1,0
BRF:10
BRH:5
end_of_record
TN:
SF:middlewares\duplicated.js
FN:9,(anonymous_0)
FN:11,(anonymous_1)
FN:17,(anonymous_2)
FN:23,(anonymous_3)
FN:32,(anonymous_4)
FNF:5
FNH:5
FNDA:7,(anonymous_0)
FNDA:7,(anonymous_1)
FNDA:9,(anonymous_2)
FNDA:9,(anonymous_3)
FNDA:5,(anonymous_4)
DA:2,1
DA:3,1
DA:4,1
DA:5,1
DA:9,1
DA:11,7
DA:12,7
DA:13,0
DA:16,7
DA:17,7
DA:18,9
DA:21,7
DA:23,9
DA:29,5
DA:33,5
DA:34,0
DA:37,5
DA:38,0
DA:41,5
DA:44,3
DA:45,3
DA:47,3
DA:49,2
DA:51,1
DA:53,0
DA:54,0
DA:55,0
DA:56,0
DA:58,0
DA:59,0
DA:61,0
DA:65,1
DA:66,1
DA:67,1
DA:68,1
DA:70,1
DA:71,1
DA:73,1
DA:78,2
DA:86,2
LF:40
LH:30
BRDA:12,0,0,0
BRDA:12,0,1,7
BRDA:21,1,0,5
BRDA:21,1,1,2
BRDA:33,2,0,0
BRDA:33,2,1,5
BRDA:37,3,0,0
BRDA:37,3,1,5
BRDA:41,4,0,3
BRDA:41,4,1,2
BRDA:47,5,0,2
BRDA:47,5,1,1
BRDA:51,6,0,0
BRDA:51,6,1,1
BRF:14
BRH:10
end_of_record
TN:
SF:models\accounts.js
FNF:0
FNH:0
DA:3,1
DA:4,1
DA:6,1
DA:11,1
LF:4
LH:4
BRF:0
BRH:0
end_of_record
TN:
SF:models\orders.js
FNF:0
FNH:0
DA:3,1
DA:4,1
DA:6,1
DA:13,1
LF:4
LH:4
BRF:0
BRH:0
end_of_record
TN:
SF:routes\accounts.js
FNF:0
FNH:0
DA:3,1
DA:4,1
DA:5,1
DA:6,1
DA:7,1
DA:8,1
DA:9,1
DA:12,1
DA:13,1
DA:16,1
LF:10
LH:10
BRF:0
BRH:0
end_of_record
